app/build/outputs/logs/manifest-merger-debug-report.txt
-- Merging decision tree log ---
manifest
ADDED from src\main\AndroidManifest.xml:2:1-146:12
INJECTED from src\main\AndroidManifest.xml:2:1-146:12
INJECTED from src\main\AndroidManifest.xml:2:1-146:12
INJECTED from src\main\AndroidManifest.xml:2:1-146:12
MERGED from [com.android.support:appcompat-v7:28.0.0] AndroidManifest.xml:17:1-22:12
MERGED from [com.android.support:support-v4:28.0.0] AndroidManifest.xml:17:1-22:12
MERGED from [com.android.support:support-fragment:28.0.0] AndroidManifest.xml:17:1-22:12
MERGED from [com.android.support:animated-vector-drawable:28.0.0] AndroidManifest.xml:17:1-22:12
MERGED from [com.android.support:support-core-ui:28.0.0] AndroidManifest.xml:17:1-22:12
MERGED from [com.android.support:support-core-utils:28.0.0] AndroidManifest.xml:17:1-22:12
MERGED from [com.android.support:support-vector-drawable:28.0.0] AndroidManifest.xml:17:1-22:12
MERGED from [com.android.support:support-media-compat:28.0.0] AndroidManifest.xml:17:1-22:12
MERGED from [com.android.support:loader:28.0.0] AndroidManifest.xml:17:1-22:12
MERGED from [com.android.support:viewpager:28.0.0] AndroidManifest.xml:17:1-22:12
MERGED from [com.android.support:coordinatorlayout:28.0.0] AndroidManifest.xml:17:1-22:12
MERGED from [com.android.support:drawerlayout:28.0.0] AndroidManifest.xml:17:1-22:12
MERGED from [com.android.support:slidingpanelayout:28.0.0] AndroidManifest.xml:17:1-22:12
MERGED from [com.android.support:customview:28.0.0] AndroidManifest.xml:17:1-22:12
MERGED from [com.android.support:swiperefreshlayout:28.0.0] AndroidManifest.xml:17:1-22:12
MERGED from [com.android.support:asynclayoutinflater:28.0.0] AndroidManifest.xml:17:1-22:12
MERGED from [com.android.support:support-compat:28.0.0] AndroidManifest.xml:17:1-24:12
MERGED from [com.android.support:versionedparcelable:28.0.0] AndroidManifest.xml:17:1-25:12
MERGED from [com.android.support:cursoradapter:28.0.0] AndroidManifest.xml:17:1-22:12
MERGED from [android.arch.lifecycle:runtime:1.1.1] AndroidManifest.xml:17:1-22:12
MERGED from [com.android.support:documentfile:28.0.0] AndroidManifest.xml:17:1-22:12
MERGED from [com.android.support:localbroadcastmanager:28.0.0] AndroidManifest.xml:17:1-22:12
MERGED from [com.android.support:print:28.0.0] AndroidManifest.xml:17:1-22:12
MERGED from [android.arch.lifecycle:viewmodel:1.1.1] AndroidManifest.xml:17:1-22:12
MERGED from [com.android.support:interpolator:28.0.0] AndroidManifest.xml:17:1-22:12
MERGED from [android.arch.lifecycle:livedata:1.1.1] AndroidManifest.xml:17:1-22:12
MERGED from [android.arch.lifecycle:livedata-core:1.1.1] AndroidManifest.xml:17:1-22:12
MERGED from [android.arch.core:runtime:1.1.1] AndroidManifest.xml:17:1-22:12
INJECTED from src\main\AndroidManifest.xml:2:1-146:12
INJECTED from src\main\AndroidManifest.xml:2:1-146:12
INJECTED from src\main\AndroidManifest.xml:2:1-146:12
	package
		ADDED from src\main\AndroidManifest.xml:3:5-36
		INJECTED from src\main\AndroidManifest.xml
		INJECTED from src\main\AndroidManifest.xml
	android:versionName
		ADDED from src\main\AndroidManifest.xml:5:5-30
		INJECTED from src\main\AndroidManifest.xml
		INJECTED from src\main\AndroidManifest.xml
	xmlns:android
		ADDED from src\main\AndroidManifest.xml:2:11-69
	android:versionCode
		ADDED from src\main\AndroidManifest.xml:4:5-28
		INJECTED from src\main\AndroidManifest.xml
		INJECTED from src\main\AndroidManifest.xml
instrumentation
ADDED from src\main\AndroidManifest.xml:9:5-11:57
	android:targetPackage
		ADDED from src\main\AndroidManifest.xml:11:9-54
	android:name
		ADDED from src\main\AndroidManifest.xml:10:9-62
uses-permission#android.permission.INTERNET
ADDED from src\main\AndroidManifest.xml:13:5-67
	android:name
		ADDED from src\main\AndroidManifest.xml:13:22-64
uses-permission#android.permission.WRITE_EXTERNAL_STORAGE
ADDED from src\main\AndroidManifest.xml:14:5-81
	android:name
		ADDED from src\main\AndroidManifest.xml:14:22-78
uses-permission#android.permission.READ_PHONE_STATE
ADDED from src\main\AndroidManifest.xml:15:5-75
	android:name
		ADDED from src\main\AndroidManifest.xml:15:22-72
uses-permission#android.permission.RECEIVE_BOOT_COMPLETED
ADDED from src\main\AndroidManifest.xml:16:5-81
	android:name
		ADDED from src\main\AndroidManifest.xml:16:22-78
uses-permission#android.permission.READ_CONTACTS
ADDED from src\main\AndroidManifest.xml:17:5-72
	android:name
		ADDED from src\main\AndroidManifest.xml:17:22-69
uses-permission#android.permission.SEND_SMS
ADDED from src\main\AndroidManifest.xml:18:5-67
	android:name
		ADDED from src\main\AndroidManifest.xml:18:22-64
uses-permission#android.permission.RECEIVE_SMS
ADDED from src\main\AndroidManifest.xml:19:5-70
	android:name
		ADDED from src\main\AndroidManifest.xml:19:22-67
uses-permission#android.permission.ACCESS_FINE_LOCATION
ADDED from src\main\AndroidManifest.xml:20:5-79
	android:name
		ADDED from src\main\AndroidManifest.xml:20:22-76
uses-permission#android.permission.ACCESS_COARSE_LOCATION
ADDED from src\main\AndroidManifest.xml:21:5-81
	android:name
		ADDED from src\main\AndroidManifest.xml:21:22-78
uses-permission#android.permission.ACCESS_MOCK_LOCATION
ADDED from src\main\AndroidManifest.xml:22:5-79
	android:name
		ADDED from src\main\AndroidManifest.xml:22:22-76
uses-permission#android.permission.VIBRATE
ADDED from src\main\AndroidManifest.xml:23:5-66
	android:name
		ADDED from src\main\AndroidManifest.xml:23:22-63
uses-permission#android.permission.PROCESS_OUTGOING_CALLS
ADDED from src\main\AndroidManifest.xml:25:5-81
	android:name
		ADDED from src\main\AndroidManifest.xml:25:22-78
uses-permission#android.permission.SYSTEM_ALERT_WINDOW
ADDED from src\main\AndroidManifest.xml:26:5-78
	android:name
		ADDED from src\main\AndroidManifest.xml:26:22-75
uses-permission#android.permission.CALL_PHONE
ADDED from src\main\AndroidManifest.xml:27:5-69
	android:name
		ADDED from src\main\AndroidManifest.xml:27:22-66
uses-permission#android.permission.READ_CALL_LOG
ADDED from src\main\AndroidManifest.xml:28:5-72
	android:name
		ADDED from src\main\AndroidManifest.xml:28:22-69
uses-permission#android.permission.WRITE_CALL_LOG
ADDED from src\main\AndroidManifest.xml:29:5-73
	android:name
		ADDED from src\main\AndroidManifest.xml:29:22-70
uses-permission#android.permission.READ_SMS
ADDED from src\main\AndroidManifest.xml:30:5-67
	android:name
		ADDED from src\main\AndroidManifest.xml:30:22-64
uses-permission#android.permission.WRITE_SMS
ADDED from src\main\AndroidManifest.xml:31:5-68
	android:name
		ADDED from src\main\AndroidManifest.xml:31:22-65
uses-permission#com.android.launcher.permission.INSTALL_SHORTCUT
ADDED from src\main\AndroidManifest.xml:32:5-88
	android:name
		ADDED from src\main\AndroidManifest.xml:32:22-85
uses-permission#android.permission.KILL_BACKGROUND_PROCESSES
ADDED from src\main\AndroidManifest.xml:33:5-84
	android:name
		ADDED from src\main\AndroidManifest.xml:33:22-81
uses-permission#android.permission.GET_TASKS
ADDED from src\main\AndroidManifest.xml:34:5-67
	android:name
		ADDED from src\main\AndroidManifest.xml:34:22-65
uses-permission#android.permission.GET_PACKAGE_SIZE
ADDED from src\main\AndroidManifest.xml:35:5-74
	android:name
		ADDED from src\main\AndroidManifest.xml:35:22-72
application
ADDED from src\main\AndroidManifest.xml:37:5-144:19
MERGED from [com.android.support:support-compat:28.0.0] AndroidManifest.xml:22:5-94
MERGED from [com.android.support:support-compat:28.0.0] AndroidManifest.xml:22:5-94
MERGED from [com.android.support:versionedparcelable:28.0.0] AndroidManifest.xml:22:5-23:19
MERGED from [com.android.support:versionedparcelable:28.0.0] AndroidManifest.xml:22:5-23:19
	android:appComponentFactory
		ADDED from [com.android.support:support-compat:28.0.0] AndroidManifest.xml:22:18-91
	android:label
		ADDED from src\main\AndroidManifest.xml:40:9-41
	android:icon
		ADDED from src\main\AndroidManifest.xml:39:9-45
	android:allowBackup
		ADDED from src\main\AndroidManifest.xml:38:9-35
	android:theme
		ADDED from src\main\AndroidManifest.xml:41:9-40
uses-library#android.test.runner
ADDED from src\main\AndroidManifest.xml:42:9-60
	android:name
		ADDED from src\main\AndroidManifest.xml:42:23-57
activity#com.ithaha.mobilesafe.SplashActivity
ADDED from src\main\AndroidManifest.xml:44:9-52:20
	android:label
		ADDED from src\main\AndroidManifest.xml:46:13-45
	android:name
		ADDED from src\main\AndroidManifest.xml:45:13-43
intent-filter#action:name:android.intent.action.MAIN+category:name:android.intent.category.LAUNCHER
ADDED from src\main\AndroidManifest.xml:47:13-51:29
action#android.intent.action.MAIN
ADDED from src\main\AndroidManifest.xml:48:17-69
	android:name
		ADDED from src\main\AndroidManifest.xml:48:25-66
category#android.intent.category.LAUNCHER
ADDED from src\main\AndroidManifest.xml:50:17-77
	android:name
		ADDED from src\main\AndroidManifest.xml:50:27-74
activity#com.ithaha.mobilesafe.HomeActivity
ADDED from src\main\AndroidManifest.xml:53:9-71
	android:name
		ADDED from src\main\AndroidManifest.xml:53:19-68
activity#com.ithaha.mobilesafe.SettingActivity
ADDED from src\main\AndroidManifest.xml:54:9-74
	android:name
		ADDED from src\main\AndroidManifest.xml:54:19-71
activity#com.ithaha.mobilesafe.LostFindActivity
ADDED from src\main\AndroidManifest.xml:55:9-75
	android:name
		ADDED from src\main\AndroidManifest.xml:55:19-72
activity#com.ithaha.mobilesafe.Setup1Activity
ADDED from src\main\AndroidManifest.xml:56:9-73
	android:name
		ADDED from src\main\AndroidManifest.xml:56:19-70
activity#com.ithaha.mobilesafe.Setup2Activity
ADDED from src\main\AndroidManifest.xml:57:9-73
	android:name
		ADDED from src\main\AndroidManifest.xml:57:19-70
activity#com.ithaha.mobilesafe.Setup3Activity
ADDED from src\main\AndroidManifest.xml:58:9-73
	android:name
		ADDED from src\main\AndroidManifest.xml:58:19-70
activity#com.ithaha.mobilesafe.Setup4Activity
ADDED from src\main\AndroidManifest.xml:59:9-73
	android:name
		ADDED from src\main\AndroidManifest.xml:59:19-70
activity#com.ithaha.mobilesafe.Setup5Activity
ADDED from src\main\AndroidManifest.xml:60:9-73
	android:name
		ADDED from src\main\AndroidManifest.xml:60:19-70
activity#com.ithaha.mobilesafe.SelectContactActivity
ADDED from src\main\AndroidManifest.xml:61:9-80
	android:name
		ADDED from src\main\AndroidManifest.xml:61:19-77
activity#com.ithaha.mobilesafe.AtoolsActivity
ADDED from src\main\AndroidManifest.xml:62:9-73
	android:name
		ADDED from src\main\AndroidManifest.xml:62:19-70
activity#com.ithaha.mobilesafe.NumberAddressQueryActivity
ADDED from src\main\AndroidManifest.xml:63:9-85
	android:name
		ADDED from src\main\AndroidManifest.xml:63:19-82
activity#com.ithaha.mobilesafe.utils.LockScreenActivity
ADDED from src\main\AndroidManifest.xml:64:9-83
	android:name
		ADDED from src\main\AndroidManifest.xml:64:19-80
activity#com.ithaha.mobilesafe.CallSmsSafeActivity
ADDED from src\main\AndroidManifest.xml:65:9-78
	android:name
		ADDED from src\main\AndroidManifest.xml:65:19-75
activity#com.ithaha.mobilesafe.AppManagerActivity
ADDED from src\main\AndroidManifest.xml:66:9-77
	android:name
		ADDED from src\main\AndroidManifest.xml:66:19-74
activity#com.ithaha.mobilesafe.TaskManagerActivity
ADDED from src\main\AndroidManifest.xml:67:9-78
	android:name
		ADDED from src\main\AndroidManifest.xml:67:19-75
activity#com.ithaha.mobilesafe.TaskSettingActivity
ADDED from src\main\AndroidManifest.xml:68:9-78
	android:name
		ADDED from src\main\AndroidManifest.xml:68:19-75
activity#com.ithaha.mobilesafe.EnterPwdActivity
ADDED from src\main\AndroidManifest.xml:69:3-73:14
	android:excludeFromRecents
		ADDED from src\main\AndroidManifest.xml:71:4-37
	android:launchMode
		ADDED from src\main\AndroidManifest.xml:70:4-39
	android:name
		ADDED from src\main\AndroidManifest.xml:69:13-66
activity#com.ithaha.mobilesafe.TrafficManangerActivity
ADDED from src\main\AndroidManifest.xml:74:3-76
	android:name
		ADDED from src\main\AndroidManifest.xml:74:13-73
activity#com.ithaha.mobilesafe.AntiVirusActivity
ADDED from src\main\AndroidManifest.xml:75:3-76:70
	android:configChanges
		ADDED from src\main\AndroidManifest.xml:76:7-68
	android:name
		ADDED from src\main\AndroidManifest.xml:75:13-67
activity#com.ithaha.mobilesafe.ClearCacheActivity
ADDED from src\main\AndroidManifest.xml:77:3-71
	android:name
		ADDED from src\main\AndroidManifest.xml:77:13-68
receiver#com.ithaha.mobilesafe.receiver.BootCompleteReceiver
ADDED from src\main\AndroidManifest.xml:81:9-85:20
	android:name
		ADDED from src\main\AndroidManifest.xml:81:19-85
intent-filter#action:name:android.intent.action.BOOT_COMPLETED
ADDED from src\main\AndroidManifest.xml:82:13-84:29
action#android.intent.action.BOOT_COMPLETED
ADDED from src\main\AndroidManifest.xml:83:17-79
	android:name
		ADDED from src\main\AndroidManifest.xml:83:25-76
receiver#com.ithaha.mobilesafe.receiver.SMSReceiver
ADDED from src\main\AndroidManifest.xml:88:9-92:20
	android:name
		ADDED from src\main\AndroidManifest.xml:88:19-76
intent-filter#action:name:android.provider.Telephony.SMS_RECEIVED
ADDED from src\main\AndroidManifest.xml:89:13-91:29
	android:priority
		ADDED from src\main\AndroidManifest.xml:89:28-51
action#android.provider.Telephony.SMS_RECEIVED
ADDED from src\main\AndroidManifest.xml:90:17-82
	android:name
		ADDED from src\main\AndroidManifest.xml:90:25-79
receiver#com.ithaha.mobilesafe.MyAdmin
ADDED from src\main\AndroidManifest.xml:95:9-107:20
	android:label
		ADDED from src\main\AndroidManifest.xml:98:13-56
	android:permission
		ADDED from src\main\AndroidManifest.xml:99:13-70
	android:description
		ADDED from src\main\AndroidManifest.xml:97:13-74
	android:name
		ADDED from src\main\AndroidManifest.xml:96:13-57
meta-data#android.app.device_admin
ADDED from src\main\AndroidManifest.xml:100:13-102:63
	android:resource
		ADDED from src\main\AndroidManifest.xml:102:17-60
	android:name
		ADDED from src\main\AndroidManifest.xml:101:17-56
intent-filter#action:name:android.app.action.DEVICE_ADMIN_ENABLED
ADDED from src\main\AndroidManifest.xml:104:13-106:29
action#android.app.action.DEVICE_ADMIN_ENABLED
ADDED from src\main\AndroidManifest.xml:105:17-82
	android:name
		ADDED from src\main\AndroidManifest.xml:105:25-79
receiver#com.ithaha.mobilesafe.receiver.MyWidget
ADDED from src\main\AndroidManifest.xml:110:9-118:20
	android:name
		ADDED from src\main\AndroidManifest.xml:110:19-73
intent-filter#action:name:android.appwidget.action.APPWIDGET_UPDATE
ADDED from src\main\AndroidManifest.xml:111:13-113:29
action#android.appwidget.action.APPWIDGET_UPDATE
ADDED from src\main\AndroidManifest.xml:112:17-84
	android:name
		ADDED from src\main\AndroidManifest.xml:112:25-81
meta-data#android.appwidget.provider
ADDED from src\main\AndroidManifest.xml:115:13-117:67
	android:resource
		ADDED from src\main\AndroidManifest.xml:117:17-64
	android:name
		ADDED from src\main\AndroidManifest.xml:116:17-58
receiver#com.ithaha.mobilesafe.receiver.KillAllReceiver
ADDED from src\main\AndroidManifest.xml:121:9-125:20
	android:name
		ADDED from src\main\AndroidManifest.xml:121:19-80
intent-filter#action:name:com.ithaha.mobilesafe.killall
ADDED from src\main\AndroidManifest.xml:122:10-124:26
action#com.ithaha.mobilesafe.killall
ADDED from src\main\AndroidManifest.xml:123:14-68
	android:name
		ADDED from src\main\AndroidManifest.xml:123:22-66
service#com.ithaha.mobilesafe.service.AddressService
ADDED from src\main\AndroidManifest.xml:128:9-80
	android:name
		ADDED from src\main\AndroidManifest.xml:128:18-77
service#com.ithaha.mobilesafe.service.CallSmsSafeService
ADDED from src\main\AndroidManifest.xml:131:9-84
	android:name
		ADDED from src\main\AndroidManifest.xml:131:18-81
service#com.ithaha.mobilesafe.service.AutoClearService
ADDED from src\main\AndroidManifest.xml:134:9-82
	android:name
		ADDED from src\main\AndroidManifest.xml:134:18-79
service#com.ithaha.mobilesafe.service.GPSService
ADDED from src\main\AndroidManifest.xml:137:9-76
	android:name
		ADDED from src\main\AndroidManifest.xml:137:18-73
service#com.ithaha.mobilesafe.service.UpdateWidgetService
ADDED from src\main\AndroidManifest.xml:140:9-85
	android:name
		ADDED from src\main\AndroidManifest.xml:140:18-82
service#com.ithaha.mobilesafe.service.WatchDogService
ADDED from src\main\AndroidManifest.xml:143:9-81
	android:name
		ADDED from src\main\AndroidManifest.xml:143:18-78
uses-sdk
INJECTED from src\main\AndroidManifest.xml reason: use-sdk injection requested
INJECTED from src\main\AndroidManifest.xml
INJECTED from src\main\AndroidManifest.xml
MERGED from [com.android.support:appcompat-v7:28.0.0] AndroidManifest.xml:20:5-44
MERGED from [com.android.support:appcompat-v7:28.0.0] AndroidManifest.xml:20:5-44
MERGED from [com.android.support:support-v4:28.0.0] AndroidManifest.xml:20:5-44
MERGED from [com.android.support:support-v4:28.0.0] AndroidManifest.xml:20:5-44
MERGED from [com.android.support:support-fragment:28.0.0] AndroidManifest.xml:20:5-44
MERGED from [com.android.support:support-fragment:28.0.0] AndroidManifest.xml:20:5-44
MERGED from [com.android.support:animated-vector-drawable:28.0.0] AndroidManifest.xml:20:5-44
MERGED from [com.android.support:animated-vector-drawable:28.0.0] AndroidManifest.xml:20:5-44
MERGED from [com.android.support:support-core-ui:28.0.0] AndroidManifest.xml:20:5-44
MERGED from [com.android.support:support-core-ui:28.0.0] AndroidManifest.xml:20:5-44
MERGED from [com.android.support:support-core-utils:28.0.0] AndroidManifest.xml:20:5-44
MERGED from [com.android.support:support-core-utils:28.0.0] AndroidManifest.xml:20:5-44
MERGED from [com.android.support:support-vector-drawable:28.0.0] AndroidManifest.xml:20:5-44
MERGED from [com.android.support:support-vector-drawable:28.0.0] AndroidManifest.xml:20:5-44
MERGED from [com.android.support:support-media-compat:28.0.0] AndroidManifest.xml:20:5-44
MERGED from [com.android.support:support-media-compat:28.0.0] AndroidManifest.xml:20:5-44
MERGED from [com.android.support:loader:28.0.0] AndroidManifest.xml:20:5-44
MERGED from [com.android.support:loader:28.0.0] AndroidManifest.xml:20:5-44
MERGED from [com.android.support:viewpager:28.0.0] AndroidManifest.xml:20:5-44
MERGED from [com.android.support:viewpager:28.0.0] AndroidManifest.xml:20:5-44
MERGED from [com.android.support:coordinatorlayout:28.0.0] AndroidManifest.xml:20:5-44
MERGED from [com.android.support:coordinatorlayout:28.0.0] AndroidManifest.xml:20:5-44
MERGED from [com.android.support:drawerlayout:28.0.0] AndroidManifest.xml:20:5-44
MERGED from [com.android.support:drawerlayout:28.0.0] AndroidManifest.xml:20:5-44
MERGED from [com.android.support:slidingpanelayout:28.0.0] AndroidManifest.xml:20:5-44
MERGED from [com.android.support:slidingpanelayout:28.0.0] AndroidManifest.xml:20:5-44
MERGED from [com.android.support:customview:28.0.0] AndroidManifest.xml:20:5-44
MERGED from [com.android.support:customview:28.0.0] AndroidManifest.xml:20:5-44
MERGED from [com.android.support:swiperefreshlayout:28.0.0] AndroidManifest.xml:20:5-44
MERGED from [com.android.support:swiperefreshlayout:28.0.0] AndroidManifest.xml:20:5-44
MERGED from [com.android.support:asynclayoutinflater:28.0.0] AndroidManifest.xml:20:5-44
MERGED from [com.android.support:asynclayoutinflater:28.0.0] AndroidManifest.xml:20:5-44
MERGED from [com.android.support:support-compat:28.0.0] AndroidManifest.xml:20:5-44
MERGED from [com.android.support:support-compat:28.0.0] AndroidManifest.xml:20:5-44
MERGED from [com.android.support:versionedparcelable:28.0.0] AndroidManifest.xml:20:5-44
MERGED from [com.android.support:versionedparcelable:28.0.0] AndroidManifest.xml:20:5-44
MERGED from [com.android.support:cursoradapter:28.0.0] AndroidManifest.xml:20:5-44
MERGED from [com.android.support:cursoradapter:28.0.0] AndroidManifest.xml:20:5-44
MERGED from [android.arch.lifecycle:runtime:1.1.1] AndroidManifest.xml:20:5-44
MERGED from [android.arch.lifecycle:runtime:1.1.1] AndroidManifest.xml:20:5-44
MERGED from [com.android.support:documentfile:28.0.0] AndroidManifest.xml:20:5-44
MERGED from [com.android.support:documentfile:28.0.0] AndroidManifest.xml:20:5-44
MERGED from [com.android.support:localbroadcastmanager:28.0.0] AndroidManifest.xml:20:5-44
MERGED from [com.android.support:localbroadcastmanager:28.0.0] AndroidManifest.xml:20:5-44
MERGED from [com.android.support:print:28.0.0] AndroidManifest.xml:20:5-44
MERGED from [com.android.support:print:28.0.0] AndroidManifest.xml:20:5-44
MERGED from [android.arch.lifecycle:viewmodel:1.1.1] AndroidManifest.xml:20:5-44
MERGED from [android.arch.lifecycle:viewmodel:1.1.1] AndroidManifest.xml:20:5-44
MERGED from [com.android.support:interpolator:28.0.0] AndroidManifest.xml:20:5-44
MERGED from [com.android.support:interpolator:28.0.0] AndroidManifest.xml:20:5-44
MERGED from [android.arch.lifecycle:livedata:1.1.1] AndroidManifest.xml:20:5-44
MERGED from [android.arch.lifecycle:livedata:1.1.1] AndroidManifest.xml:20:5-44
MERGED from [android.arch.lifecycle:livedata-core:1.1.1] AndroidManifest.xml:20:5-44
MERGED from [android.arch.lifecycle:livedata-core:1.1.1] AndroidManifest.xml:20:5-44
MERGED from [android.arch.core:runtime:1.1.1] AndroidManifest.xml:20:5-44
MERGED from [android.arch.core:runtime:1.1.1] AndroidManifest.xml:20:5-44
INJECTED from src\main\AndroidManifest.xml
INJECTED from src\main\AndroidManifest.xml
	android:targetSdkVersion
		INJECTED from src\main\AndroidManifest.xml
		ADDED from src\main\AndroidManifest.xml
		INJECTED from src\main\AndroidManifest.xml
	android:minSdkVersion
		INJECTED from src\main\AndroidManifest.xml
		ADDED from src\main\AndroidManifest.xml
		INJECTED from src\main\AndroidManifest.xml